<?xml version="1.0" encoding="UTF-8"?>
<!-- Generated by org.testng.reporters.JUnitReportReporter -->
<testsuite hostname="inbl01lap5559" failures="0" tests="1" name="org.charter.message" time="14.306" errors="0" timestamp="2023-04-07T17:36:19 IST" skipped="0">
  <testcase classname="org.charter.message" name="sendMessage" time="14.306"/>
  <system-out/>
</testsuite> <!-- org.charter.message -->
