<?xml version="1.0" encoding="UTF-8"?>
<!-- Generated by org.testng.reporters.JUnitReportReporter -->
<testsuite hostname="inbl01lap5559" failures="0" tests="1" name="org.charter.TC02_ThirdPartyApps_RealMeX3" time="10.999" errors="0" timestamp="2023-04-28T15:00:38 IST" skipped="0">
  <testcase classname="org.charter.TC02_ThirdPartyApps_RealMeX3" name="playStoreApp" time="10.999"/>
  <system-out/>
</testsuite> <!-- org.charter.TC02_ThirdPartyApps_RealMeX3 -->
