<?xml version="1.0" encoding="UTF-8"?>
<!-- Generated by org.testng.reporters.JUnitReportReporter -->
<testsuite hostname="inbl01lap5559" failures="0" tests="1" name="org.charter.ThirdPartyTest" time="11.629" errors="0" timestamp="2023-04-04T18:19:45 IST" skipped="0">
  <testcase classname="org.charter.ThirdPartyTest" name="playStoreApp" time="11.629"/>
  <system-out/>
</testsuite> <!-- org.charter.ThirdPartyTest -->
