<?xml version="1.0" encoding="UTF-8"?>
<!-- Generated by org.testng.reporters.JUnitReportReporter -->
<testsuite hostname="inbl01lap5559" failures="0" tests="1" name="org.charter.VoiceAssistantAccessibility" time="76.582" errors="0" timestamp="2023-04-05T17:21:55 IST" skipped="0">
  <testcase classname="org.charter.VoiceAssistantAccessibility" name="AccessibilityVision" time="76.582"/>
  <system-out/>
</testsuite> <!-- org.charter.VoiceAssistantAccessibility -->
