<?xml version="1.0" encoding="UTF-8"?>
<!-- Generated by org.testng.reporters.JUnitReportReporter -->
<testsuite hostname="inbl01lap5559" failures="0" tests="1" name="org.charter.TC04_AbilityToFindMyMobile_RealMeX3" time="31.152" errors="0" timestamp="2023-04-28T13:41:57 IST" skipped="0">
  <testcase classname="org.charter.TC04_AbilityToFindMyMobile_RealMeX3" name="findMyDevice" time="31.152"/>
  <system-out/>
</testsuite> <!-- org.charter.TC04_AbilityToFindMyMobile_RealMeX3 -->
