<?xml version="1.0" encoding="UTF-8"?>
<!-- Generated by org.testng.reporters.JUnitReportReporter -->
<testsuite hostname="inbl01lap5559" failures="0" tests="1" name="org.charter.ConferenceWifiCallConnectivity2" time="0.455" errors="0" timestamp="2023-04-19T19:04:00 IST" skipped="0">
  <testcase classname="org.charter.ConferenceWifiCallConnectivity2" name="callConnection" time="0.455"/>
  <system-out/>
</testsuite> <!-- org.charter.ConferenceWifiCallConnectivity2 -->
