<?xml version="1.0" encoding="UTF-8"?>
<!-- Generated by org.testng.reporters.JUnitReportReporter -->
<testsuite hostname="inbl01lap5559" failures="0" tests="1" name="org.charter.VoWiFi_To_VoLTECallContinuity" time="54.986" errors="0" timestamp="2023-04-20T18:46:16 IST" skipped="0">
  <testcase classname="org.charter.VoWiFi_To_VoLTECallContinuity" name="callConnection" time="54.986"/>
  <system-out/>
</testsuite> <!-- org.charter.VoWiFi_To_VoLTECallContinuity -->
