<?xml version="1.0" encoding="UTF-8"?>
<!-- Generated by org.testng.reporters.JUnitReportReporter -->
<testsuite hostname="inbl01lap5559" failures="0" tests="1" name="org.charter.TC_17_VoWiFi_To_VoLTECallContinuity_Conference" time="166.983" errors="0" timestamp="2023-04-20T19:25:41 IST" skipped="0">
  <testcase classname="org.charter.TC_17_VoWiFi_To_VoLTECallContinuity_Conference" name="callConnection" time="166.983"/>
  <system-out/>
</testsuite> <!-- org.charter.TC_17_VoWiFi_To_VoLTECallContinuity_Conference -->
