<?xml version="1.0" encoding="UTF-8"?>
<!-- Generated by org.testng.reporters.JUnitReportReporter -->
<testsuite hostname="inbl01lap5559" failures="0" tests="1" name="org.charter.ConferenceWifiCallConnectivity" time="85.582" errors="0" timestamp="2023-04-20T18:04:05 IST" skipped="0">
  <testcase classname="org.charter.ConferenceWifiCallConnectivity" name="callConnection" time="85.582"/>
  <system-out/>
</testsuite> <!-- org.charter.ConferenceWifiCallConnectivity -->
