<?xml version="1.0" encoding="UTF-8"?>
<!-- Generated by org.testng.reporters.JUnitReportReporter -->
<testsuite hostname="inbl01lap5559" failures="0" tests="1" name="org.charter.TC_15_VoWiFi_To_VoLTECallContinuity" time="55.327" errors="0" timestamp="2023-04-20T19:18:02 IST" skipped="0">
  <testcase classname="org.charter.TC_15_VoWiFi_To_VoLTECallContinuity" name="callConnection" time="55.327"/>
  <system-out/>
</testsuite> <!-- org.charter.TC_15_VoWiFi_To_VoLTECallContinuity -->
