<?xml version="1.0" encoding="UTF-8"?>
<!-- Generated by org.testng.reporters.JUnitReportReporter -->
<testsuite hostname="inbl01lap5559" failures="0" tests="1" name="org.charter.WifiCallConnectivity" time="77.447" errors="0" timestamp="2023-04-20T17:56:30 IST" skipped="0">
  <testcase classname="org.charter.WifiCallConnectivity" name="callConnection" time="77.447"/>
  <system-out/>
</testsuite> <!-- org.charter.WifiCallConnectivity -->
