<?xml version="1.0" encoding="UTF-8"?>
<!-- Generated by org.testng.reporters.JUnitReportReporter -->
<testsuite hostname="inbl01lap5559" failures="0" tests="1" name="org.charter.findMyMobile" time="25.671" errors="0" timestamp="2023-04-05T17:10:10 IST" skipped="0">
  <testcase classname="org.charter.findMyMobile" name="findMyDevice" time="25.671"/>
  <system-out/>
</testsuite> <!-- org.charter.findMyMobile -->
